<?xml version="1.0" encoding="UTF-8"?>
<!-- Generated by org.testng.reporters.JUnitXMLReporter -->
<testsuite hostname="MANGOPC" ignored="0" tests="4" failures="0" timestamp="2020-11-19T00:56:44 MSK" time="0.097" errors="0">
  <testcase name="testExperimentalPlanesHasClassificationLevelHigherThanUnclassified" time="0.024" classname="AirportTest"/>
  <testcase name="testGetPassengerPlaneWithMaxCapacity" time="0.0" classname="AirportTest"/>
  <testcase name="testGetTransportMilitaryPlanes" time="0.001" classname="AirportTest"/>
  <testcase name="testHasAtLeastOneBomberInMilitaryPlanes" time="0.001" classname="AirportTest"/>
</testsuite>
